{
    "URL": "https://github.com/verilator/verilator/issues/2563",
    "Summary": "urandom_range compilation error",
    "Description": "module t(/*AUTOARG*/);\n   int unsigned v1;\n   int unsigned v2;\n\n   initial begin\n       v1 = 100;\n       v2 = $urandom_range(0, v2);\n   end\nendmodule\n./t_urandom_range.pl \n======================================================================\ndist/t_urandom_range: ==================================================\n-Skip: dist/t_urandom_range: scenario 'dist' not enabled for test\ndist/t_urandom_range: %Skip: Skip: scenario 'dist' not enabled for test\n==SUMMARY: Passed 0  Failed 0  Unsup 0  Time 0:00\n======================================================================\nvlt/t_urandom_range: ==================================================\n        perl /home/ubuntu/softwares/verilator/bin/verilator --prefix Vt_urandom_range ../obj_vlt/t_urandom_range/Vt_urandom_range__main.cpp --exe --make gmake --x-assign unique -cc -Mdir obj_vlt/t_urandom_range -OD --debug-check --comp-limit-members 10 --clk clk  -f input.vc +define+TEST_OBJ_DIR=obj_vlt/t_urandom_range t/t_urandom_range.v    > obj_vlt/t_urandom_range/vlt_compile.log\n%Error: Internal Error: t/t_urandom_range.v:13:13: ../V3Width.cpp:4734: Node has no type\n                                                 : ... In instance t\n   13 |        v2 = $urandom_range(0, v2);\n      |             ^~~~~~~~~~~~~~\n                        ... See the manual and https://verilator.org for more assistance.\n%Warning: vlt/t_urandom_range: Exec of perl failed: %Error: Internal Error: t/t_urandom_range.v:13:13: ../V3Width.cpp:4734: Node has no type\n\nvlt/t_urandom_range: %Error: Exec of perl failed: %Error: Internal Error: t/t_urandom_range.v:13:13: ../V3Width.cpp:4734: Node has no type\nvlt/t_urandom_range: FAILED: Exec of perl failed: %Error: Internal Error: t/t_urandom_range.v:13:13: ../V3Width.cpp:4734: Node has no type\n==SUMMARY: Passed 0  Failed 1  Unsup 0  Time 0:00\n==SUMMARY: Passed 0  Failed 1  Unsup 0  Time 0:00\n\n======================================================================\n        #vlt/t_urandom_range: %Error: Exec of perl failed: %Error: Internal Error: t/t_urandom_range.v:13:13: ../V3Width.cpp:4734: Node has no type\n                make && test_regress/t/t_urandom_range.pl  --vlt\nTESTS DONE, FAILED: Passed 0  Failed 1  Unsup 0  Time 0:00"
}